{"level":"info","message":"Posts obtidos com sucesso"}
{"level":"info","message":"Posts obtidos com sucesso"}
{"level":"error","message":"Ops, algo deu errado"}
{"level":"info","message":"Posts obtidos com sucesso"}
{"level":"info","message":"Posts obtidos com sucesso"}
{"level":"error","message":"Ops, algo deu errado"}
{"level":"error","message":"Ops, algo deu errado"}
{"level":"info","message":"Posts obtidos com sucesso"}
{"level":"info","message":"Posts obtidos com sucesso"}
{"level":"info","message":"Posts obtidos com sucesso"}
{"level":"error","message":"Ops, algo deu errado: Falha na rede"}
{"level":"info","message":"Posts carregados com sucesso"}
{"level":"info","message":"Posts carregados com sucesso"}
{"level":"info","message":"Posts carregados com sucesso"}
{"level":"info","message":"Posts carregados com sucesso"}
{"level":"info","message":"Posts carregados com sucesso"}
{"level":"info","message":"Posts carregados com sucesso"}
{"level":"info","message":"Posts carregados com sucesso"}
{"level":"info","message":"Posts carregados com sucesso"}
{"level":"info","message":"Posts carregados com sucesso"}
{"level":"info","message":"Posts carregados com sucesso"}
{"level":"info","message":"Posts carregados com sucesso"}
{"level":"info","message":"Posts carregados com sucesso"}
{"level":"info","message":"Posts carregados com sucesso"}
{"level":"info","message":"Posts carregados com sucesso"}
{"level":"info","message":"Posts carregados com sucesso"}
{"level":"info","message":"Posts carregados com sucesso"}
{"level":"info","message":"Posts carregados com sucesso"}
{"level":"info","message":"Posts carregados com sucesso"}
{"level":"info","message":"Posts carregados com sucesso"}
{"level":"info","message":"Posts carregados com sucesso"}
{"level":"info","message":"Posts carregados com sucesso"}
{"level":"info","message":"Posts carregados com sucesso"}
{"level":"info","message":"Posts carregados com sucesso"}
{"level":"info","message":"Posts carregados com sucesso"}
{"level":"info","message":"Posts carregados com sucesso"}
{"level":"info","message":"Posts carregados com sucesso"}
{"level":"info","message":"Posts carregados com sucesso"}
{"level":"info","message":"Posts carregados com sucesso"}
{"level":"info","message":"Posts carregados com sucesso"}
{"level":"info","message":"Posts carregados com sucesso"}
{"level":"info","message":"Posts carregados com sucesso"}
{"level":"info","message":"Posts carregados com sucesso"}
{"level":"info","message":"Posts carregados com sucesso"}
{"level":"info","message":"Posts carregados com sucesso"}
{"level":"info","message":"Posts carregados com sucesso"}
{"level":"info","message":"Posts carregados com sucesso"}
{"level":"info","message":"Posts carregados com sucesso"}
{"level":"info","message":"Posts carregados com sucesso"}
{"level":"info","message":"Posts carregados com sucesso"}
{"level":"info","message":"Posts carregados com sucesso"}
{"level":"info","message":"Posts carregados com sucesso"}
{"level":"info","message":"Posts carregados com sucesso"}
{"level":"info","message":"Posts carregados com sucesso"}
{"level":"info","message":"Posts carregados com sucesso"}
{"level":"info","message":"Posts carregados com sucesso"}
{"level":"info","message":"Posts carregados com sucesso"}
{"level":"info","message":"Posts carregados com sucesso"}
{"level":"info","message":"Posts carregados com sucesso"}
{"level":"info","message":"Posts carregados com sucesso"}
{"level":"info","message":"Posts carregados com sucesso"}
{"level":"info","message":"Posts carregados com sucesso"}
{"level":"info","message":"Posts carregados com sucesso"}
{"level":"info","message":"Posts carregados com sucesso"}
{"level":"info","message":"Posts carregados com sucesso"}
{"level":"info","message":"Posts carregados com sucesso"}
{"level":"info","message":"Posts carregados com sucesso"}
{"level":"info","message":"Posts carregados com sucesso"}
{"level":"info","message":"Posts carregados com sucesso"}
{"level":"info","message":"Posts carregados com sucesso"}
{"level":"info","message":"Posts carregados com sucesso"}
{"level":"info","message":"Posts carregados com sucesso"}
{"level":"info","message":"Posts carregados com sucesso"}
{"level":"info","message":"Posts carregados com sucesso"}
{"level":"info","message":"Posts carregados com sucesso"}
{"level":"info","message":"Posts carregados com sucesso"}
{"level":"info","message":"Posts carregados com sucesso"}
{"level":"info","message":"Posts carregados com sucesso"}
{"level":"info","message":"Posts carregados com sucesso"}
{"level":"info","message":"Posts carregados com sucesso"}
{"level":"info","message":"Posts carregados com sucesso"}
{"level":"info","message":"Posts carregados com sucesso"}
{"level":"info","message":"Posts carregados com sucesso"}
{"level":"info","message":"Posts carregados com sucesso"}
{"level":"info","message":"Posts carregados com sucesso"}
{"level":"info","message":"Posts carregados com sucesso"}
{"level":"info","message":"Posts carregados com sucesso"}
{"level":"info","message":"Posts carregados com sucesso"}
{"level":"info","message":"Posts carregados com sucesso"}
{"level":"info","message":"Posts carregados com sucesso"}
{"level":"info","message":"Posts carregados com sucesso"}
{"level":"info","message":"Posts carregados com sucesso"}
{"level":"info","message":"Posts carregados com sucesso"}
{"level":"info","message":"Posts carregados com sucesso"}
{"level":"info","message":"Posts carregados com sucesso"}
{"level":"info","message":"Posts carregados com sucesso"}
{"level":"info","message":"Posts carregados com sucesso"}
{"level":"info","message":"Posts carregados com sucesso"}
{"level":"info","message":"Posts carregados com sucesso"}
{"level":"info","message":"Posts carregados com sucesso"}
{"level":"info","message":"Posts carregados com sucesso"}
{"level":"info","message":"Posts carregados com sucesso"}
{"level":"info","message":"Posts carregados com sucesso"}
{"level":"info","message":"Posts carregados com sucesso"}
{"level":"info","message":"Posts carregados com sucesso"}
{"level":"info","message":"Posts carregados com sucesso"}
{"level":"info","message":"Posts carregados com sucesso"}
{"level":"error","message":"Ops, algo deu errado: fetch failed"}
{"level":"error","message":"Ops, algo deu errado: fetch failed"}
{"level":"info","message":"Posts carregados com sucesso"}
{"level":"info","message":"Posts carregados com sucesso"}
{"level":"info","message":"Posts carregados com sucesso"}
{"level":"info","message":"Posts carregados com sucesso"}
{"level":"info","message":"Posts carregados com sucesso"}
{"level":"info","message":"Posts carregados com sucesso"}
{"level":"info","message":"Posts carregados com sucesso"}
{"level":"info","message":"Posts carregados com sucesso"}
{"level":"info","message":"Posts carregados com sucesso"}
{"level":"info","message":"Posts carregados com sucesso"}
{"level":"info","message":"Posts carregados com sucesso"}
{"level":"info","message":"Posts carregados com sucesso"}
{"level":"info","message":"Posts carregados com sucesso"}
{"level":"info","message":"Posts carregados com sucesso"}
{"level":"info","message":"Posts carregados com sucesso"}
{"level":"info","message":"Posts carregados com sucesso"}
{"level":"info","message":"Posts carregados com sucesso"}
{"level":"info","message":"Posts carregados com sucesso"}
{"level":"info","message":"Posts carregados com sucesso"}
{"level":"info","message":"Posts carregados com sucesso"}
{"level":"info","message":"Posts carregados com sucesso"}
{"level":"info","message":"Posts carregados com sucesso"}
{"level":"info","message":"Posts carregados com sucesso"}
{"level":"info","message":"Posts carregados com sucesso"}
{"level":"info","message":"Posts carregados com sucesso"}
{"level":"info","message":"Posts carregados com sucesso"}
{"level":"info","message":"Posts carregados com sucesso"}
{"level":"info","message":"Posts carregados com sucesso"}
{"level":"info","message":"Posts carregados com sucesso"}
{"level":"info","message":"Posts carregados com sucesso"}
{"level":"info","message":"Posts carregados com sucesso"}
{"level":"info","message":"Posts carregados com sucesso"}
{"level":"info","message":"Posts carregados com sucesso"}
{"level":"info","message":"Posts carregados com sucesso"}
{"level":"info","message":"Posts carregados com sucesso"}
{"level":"info","message":"Posts carregados com sucesso"}
{"level":"info","message":"Posts carregados com sucesso"}
{"level":"info","message":"Posts carregados com sucesso"}
{"level":"info","message":"Posts carregados com sucesso"}
{"level":"info","message":"Posts carregados com sucesso"}
{"level":"info","message":"Posts carregados com sucesso"}
{"level":"info","message":"Posts carregados com sucesso"}
{"level":"info","message":"Posts carregados com sucesso"}
{"level":"info","message":"Posts carregados com sucesso"}
{"level":"info","message":"Posts carregados com sucesso"}
{"level":"info","message":"Posts carregados com sucesso"}
{"level":"info","message":"Posts carregados com sucesso"}
